
/home/runner/work/exp-deterministic-turing-machine-iiith/exp-deterministic-turing-machine-iiith/experiment/simulation/js/data.js
   7:7  warning  'dtm1' is assigned a value but never used  no-unused-vars
  67:7  warning  'dtm2' is assigned a value but never used  no-unused-vars

/home/runner/work/exp-deterministic-turing-machine-iiith/exp-deterministic-turing-machine-iiith/experiment/simulation/js/helper.js
   7:2   warning  'elem' is not defined                      no-undef
   9:4   warning  'elem' is not defined                      no-undef
  11:9   warning  'elem' is not defined                      no-undef
  14:10  warning  'newElement' is defined but never used     no-unused-vars
  15:2   warning  'elem' is not defined                      no-undef
  17:4   warning  'elem' is not defined                      no-undef
  19:9   warning  'elem' is not defined                      no-undef
  22:10  warning  'clearElem' is defined but never used      no-unused-vars
  29:10  warning  'displayCanvas' is defined but never used  no-unused-vars
  30:3   warning  'fillColor' is not defined                 no-undef
  31:3   warning  'color' is not defined                     no-undef
  32:3   warning  'stroke_width' is not defined              no-undef
  35:3   warning  'str' is not defined                       no-undef
  36:3   warning  'start_x' is not defined                   no-undef
  37:3   warning  'start_y' is not defined                   no-undef
  38:3   warning  'cell_width' is not defined                no-undef
  39:3   warning  'cell_height' is not defined               no-undef
  41:7   warning  'cell_itr' is not defined                  no-undef
  41:18  warning  'cell_itr' is not defined                  no-undef
  41:27  warning  'str' is not defined                       no-undef
  41:40  warning  'cell_itr' is not defined                  no-undef
  42:8   warning  'cell_itr' is not defined                  no-undef
  43:7   warning  'fillColor' is not defined                 no-undef
  45:7   warning  'fillColor' is not defined                 no-undef
  47:5   warning  'cell' is not defined                      no-undef
  49:13  warning  'start_x' is not defined                   no-undef
  49:22  warning  'cell_itr' is not defined                  no-undef
  49:31  warning  'cell_width' is not defined                no-undef
  50:13  warning  'start_y' is not defined                   no-undef
  51:17  warning  'cell_width' is not defined                no-undef
  52:18  warning  'cell_height' is not defined               no-undef
  54:18  warning  'color' is not defined                     no-undef
  55:16  warning  'fillColor' is not defined                 no-undef
  56:24  warning  'stroke_width' is not defined              no-undef
  58:5   warning  'canvas1' is not defined                   no-undef
  58:25  warning  'cell' is not defined                      no-undef
  60:5   warning  'cellText' is not defined                  no-undef
  61:27  warning  'cell_itr' is not defined                  no-undef
  62:13  warning  'start_x' is not defined                   no-undef
  62:22  warning  'cell_itr' is not defined                  no-undef
  62:31  warning  'cell_width' is not defined                no-undef
  62:43  warning  'cell_width' is not defined                no-undef
  63:13  warning  'start_y' is not defined                   no-undef
  63:21  warning  'cell_height' is not defined               no-undef
  66:5   warning  'cellText' is not defined                  no-undef
  66:78  warning  'cell_itr' is not defined                  no-undef
  67:5   warning  'canvas1' is not defined                   no-undef
  67:25  warning  'cellText' is not defined                  no-undef
  70:3   warning  'state' is not defined                     no-undef
  74:17  warning  'cell_width' is not defined                no-undef
  75:18  warning  'cell_height' is not defined               no-undef
  77:18  warning  'color' is not defined                     no-undef
  79:24  warning  'stroke_width' is not defined              no-undef
  81:3   warning  'textElem' is not defined                  no-undef
  83:13  warning  'cell_width' is not defined                no-undef
  84:13  warning  'start_y' is not defined                   no-undef
  84:21  warning  'cell_height' is not defined               no-undef
  87:3   warning  'textElem' is not defined                  no-undef
  88:23  warning  'state' is not defined                     no-undef
  89:23  warning  'textElem' is not defined                  no-undef

/home/runner/work/exp-deterministic-turing-machine-iiith/exp-deterministic-turing-machine-iiith/experiment/simulation/js/main.js
    6:1   warning  'width' is not defined                        no-undef
    7:1   warning  'height' is not defined                       no-undef
    8:1   warning  'radius' is not defined                       no-undef
   10:1   warning  'dtm' is not defined                          no-undef
   10:8   warning  'dtm1' is not defined                         no-undef
   10:14  warning  'dtm2' is not defined                         no-undef
   11:1   warning  'dtmIndex' is not defined                     no-undef
   13:1   warning  'stateIndex' is not defined                   no-undef
   14:1   warning  'inputIndex' is not defined                   no-undef
   15:1   warning  'inputPointer' is not defined                 no-undef
   21:3   warning  'clearElem' is not defined                    no-undef
   21:13  warning  'canvas' is not defined                       no-undef
   22:3   warning  'clearElem' is not defined                    no-undef
   22:13  warning  'canvas2' is not defined                      no-undef
   24:3   warning  'curr' is not defined                         no-undef
   25:6   warning  'inputPointer' is not defined                 no-undef
   26:27  warning  'inputPointer' is not defined                 no-undef
   26:41  warning  'curr' is not defined                         no-undef
   28:5   warning  'curr' is not defined                         no-undef
   28:12  warning  'dtm' is not defined                          no-undef
   28:16  warning  'dtmIndex' is not defined                     no-undef
   28:35  warning  'inputIndex' is not defined                   no-undef
   28:57  warning  'inputPointer' is not defined                 no-undef
   29:26  warning  'inputPointer' is not defined                 no-undef
   29:40  warning  'curr' is not defined                         no-undef
   32:3   warning  'DTMDescriptionContainer' is not defined      no-undef
   33:3   warning  'clearElem' is not defined                    no-undef
   33:13  warning  'DTMDescriptionContainer' is not defined      no-undef
   34:3   warning  'textColor' is not defined                    no-undef
   35:3   warning  'span' is not defined                         no-undef
   35:10  warning  'newElement' is not defined                   no-undef
   35:67  warning  'textColor' is not defined                    no-undef
   36:3   warning  'text' is not defined                         no-undef
   36:34  warning  'dtm' is not defined                          no-undef
   36:38  warning  'dtmIndex' is not defined                     no-undef
   37:3   warning  'span' is not defined                         no-undef
   37:20  warning  'text' is not defined                         no-undef
   38:3   warning  'DTMDescriptionContainer' is not defined      no-undef
   38:39  warning  'text' is not defined                         no-undef
   40:3   warning  'res' is not defined                          no-undef
   40:9   warning  'displayCanvas' is not defined                no-undef
   40:23  warning  'canvas' is not defined                       no-undef
   40:31  warning  'canvas2' is not defined                      no-undef
   40:40  warning  'dtm' is not defined                          no-undef
   40:44  warning  'dtmIndex' is not defined                     no-undef
   40:55  warning  'inputIndex' is not defined                   no-undef
   40:67  warning  'stateIndex' is not defined                   no-undef
   47:3   warning  'inputIndex' is not defined                   no-undef
   48:3   warning  'stateIndex' is not defined                   no-undef
   54:3   warning  'inputContainer' is not defined               no-undef
   55:3   warning  'clearElem' is not defined                    no-undef
   55:13  warning  'inputContainer' is not defined               no-undef
   56:17  warning  'dtm' is not defined                          no-undef
   56:21  warning  'dtmIndex' is not defined                     no-undef
   56:40  warning  'inputIndex' is not defined                   no-undef
   57:5   warning  'textColor' is not defined                    no-undef
   58:5   warning  'span' is not defined                         no-undef
   58:12  warning  'newElement' is not defined                   no-undef
   58:61  warning  'textColor' is not defined                    no-undef
   59:5   warning  'text' is not defined                         no-undef
   59:36  warning  'dtm' is not defined                          no-undef
   59:40  warning  'dtmIndex' is not defined                     no-undef
   59:59  warning  'inputIndex' is not defined                   no-undef
   60:5   warning  'span' is not defined                         no-undef
   60:22  warning  'text' is not defined                         no-undef
   61:5   warning  'inputContainer' is not defined               no-undef
   61:32  warning  'span' is not defined                         no-undef
   66:3   warning  'stack' is not defined                        no-undef
   67:3   warning  'clearElem' is not defined                    no-undef
   67:13  warning  'stack' is not defined                        no-undef
   71:3   warning  'stack' is not defined                        no-undef
   72:3   warning  'listElem' is not defined                     no-undef
   72:14  warning  'newElement' is not defined                   no-undef
   73:3   warning  'textNode' is not defined                     no-undef
   74:3   warning  'listElem' is not defined                     no-undef
   74:24  warning  'textNode' is not defined                     no-undef
   75:3   warning  'stack' is not defined                        no-undef
   75:21  warning  'listElem' is not defined                     no-undef
   80:3   warning  'stack' is not defined                        no-undef
   81:6   warning  'stack' is not defined                        no-undef
   82:5   warning  'stack' is not defined                        no-undef
   82:23  warning  'stack' is not defined                        no-undef
   87:3   warning  'transitionTable' is not defined              no-undef
   88:3   warning  'clearElem' is not defined                    no-undef
   88:13  warning  'transitionTable' is not defined              no-undef
   90:3   warning  'table' is not defined                        no-undef
   90:11  warning  'newElement' is not defined                   no-undef
   92:3   warning  'tr0' is not defined                          no-undef
   92:9   warning  'newElement' is not defined                   no-undef
   94:3   warning  'tr0th0' is not defined                       no-undef
   94:12  warning  'newElement' is not defined                   no-undef
   95:3   warning  'tr0th0' is not defined                       no-undef
   96:3   warning  'tr0' is not defined                          no-undef
   96:19  warning  'tr0th0' is not defined                       no-undef
   97:3   warning  'table' is not defined                        no-undef
   97:21  warning  'tr0' is not defined                          no-undef
   99:15  warning  'dtm' is not defined                          no-undef
   99:19  warning  'dtmIndex' is not defined                     no-undef
  100:2   warning  Mixed spaces and tabs                         no-mixed-spaces-and-tabs
  100:4   warning  'th' is not defined                           no-undef
  100:9   warning  'newElement' is not defined                   no-undef
  101:2   warning  Mixed spaces and tabs                         no-mixed-spaces-and-tabs
  101:4   warning  'th' is not defined                           no-undef
  102:2   warning  Mixed spaces and tabs                         no-mixed-spaces-and-tabs
  102:4   warning  'tr0' is not defined                          no-undef
  102:20  warning  'th' is not defined                           no-undef
  105:15  warning  'dtm' is not defined                          no-undef
  105:19  warning  'dtmIndex' is not defined                     no-undef
  106:2   warning  Mixed spaces and tabs                         no-mixed-spaces-and-tabs
  106:4   warning  'tr' is not defined                           no-undef
  106:9   warning  'newElement' is not defined                   no-undef
  108:2   warning  Mixed spaces and tabs                         no-mixed-spaces-and-tabs
  108:4   warning  'trtd0' is not defined                        no-undef
  108:12  warning  'newElement' is not defined                   no-undef
  109:2   warning  Mixed spaces and tabs                         no-mixed-spaces-and-tabs
  109:4   warning  'trtd0' is not defined                        no-undef
  110:2   warning  Mixed spaces and tabs                         no-mixed-spaces-and-tabs
  110:4   warning  'tr' is not defined                           no-undef
  110:19  warning  'trtd0' is not defined                        no-undef
  112:2   warning  Mixed spaces and tabs                         no-mixed-spaces-and-tabs
  112:16  warning  'dtm' is not defined                          no-undef
  112:20  warning  'dtmIndex' is not defined                     no-undef
  113:2   warning  Mixed spaces and tabs                         no-mixed-spaces-and-tabs
  113:6   warning  'trtd' is not defined                         no-undef
  113:13  warning  'newElement' is not defined                   no-undef
  114:2   warning  Mixed spaces and tabs                         no-mixed-spaces-and-tabs
  114:6   warning  'trtd' is not defined                         no-undef
  114:47  warning  'dtm' is not defined                          no-undef
  114:51  warning  'dtmIndex' is not defined                     no-undef
  115:2   warning  Mixed spaces and tabs                         no-mixed-spaces-and-tabs
  115:6   warning  'tr' is not defined                           no-undef
  115:21  warning  'trtd' is not defined                         no-undef
  116:2   warning  Mixed spaces and tabs                         no-mixed-spaces-and-tabs
  117:2   warning  Mixed spaces and tabs                         no-mixed-spaces-and-tabs
  117:4   warning  'table' is not defined                        no-undef
  117:22  warning  'tr' is not defined                           no-undef
  120:3   warning  'transitionTable' is not defined              no-undef
  120:31  warning  'table' is not defined                        no-undef
  123:42  warning  'e' is defined but never used                 no-unused-vars
  124:3   warning  'canvas' is not defined                       no-undef
  125:3   warning  'canvas2' is not defined                      no-undef
  133:3   warning  'changeDTM' is not defined                    no-undef
  134:3   warning  'changeDTM' is not defined                    no-undef
  134:48  warning  'e' is defined but never used                 no-unused-vars
  135:5   warning  'clearElem' is not defined                    no-undef
  135:15  warning  'canvas' is not defined                       no-undef
  136:5   warning  'dtmIndex' is not defined                     no-undef
  136:16  warning  'dtmIndex' is not defined                     no-undef
  137:8   warning  'dtmIndex' is not defined                     no-undef
  137:20  warning  'dtm' is not defined                          no-undef
  138:7   warning  'dtmIndex' is not defined                     no-undef
  147:3   warning  'changeInput' is not defined                  no-undef
  148:3   warning  'changeInput' is not defined                  no-undef
  148:50  warning  'e' is defined but never used                 no-unused-vars
  149:5   warning  'inputIndex' is not defined                   no-undef
  149:18  warning  'inputIndex' is not defined                   no-undef
  150:8   warning  'inputIndex' is not defined                   no-undef
  150:22  warning  'dtm' is not defined                          no-undef
  150:26  warning  'dtmIndex' is not defined                     no-undef
  151:7   warning  'inputIndex' is not defined                   no-undef
  153:5   warning  'stateIndex' is not defined                   no-undef
  160:3   warning  'next' is not defined                         no-undef
  161:3   warning  'next' is not defined                         no-undef
  161:43  warning  'e' is defined but never used                 no-unused-vars
  163:8   warning  'stateIndex' is not defined                   no-undef
  163:22  warning  'dtm' is not defined                          no-undef
  163:26  warning  'dtmIndex' is not defined                     no-undef
  163:45  warning  'inputIndex' is not defined                   no-undef
  164:7   warning  'stateIndex' is not defined                   no-undef
  168:7   warning  'prevState' is not defined                    no-undef
  168:19  warning  'dtm' is not defined                          no-undef
  168:23  warning  'dtmIndex' is not defined                     no-undef
  168:42  warning  'inputIndex' is not defined                   no-undef
  168:64  warning  'stateIndex' is not defined                   no-undef
  169:7   warning  'currState' is not defined                    no-undef
  169:19  warning  'dtm' is not defined                          no-undef
  169:23  warning  'dtmIndex' is not defined                     no-undef
  169:42  warning  'inputIndex' is not defined                   no-undef
  169:64  warning  'stateIndex' is not defined                   no-undef
  170:7   warning  'str' is not defined                          no-undef
  170:22  warning  'prevState' is not defined                    no-undef
  170:35  warning  'prevState' is not defined                    no-undef
  171:7   warning  'str' is not defined                          no-undef
  171:26  warning  'currState' is not defined                    no-undef
  171:39  warning  'prevState' is not defined                    no-undef
  172:10  warning  'prevState' is not defined                    no-undef
  172:25  warning  'currState' is not defined                    no-undef
  173:9   warning  'str' is not defined                          no-undef
  175:9   warning  'str' is not defined                          no-undef
  177:7   warning  'str' is not defined                          no-undef
  177:30  warning  'currState' is not defined                    no-undef
  178:18  warning  'str' is not defined                          no-undef
  181:7   warning  'currState' is not defined                    no-undef
  181:19  warning  'dtm' is not defined                          no-undef
  181:23  warning  'dtmIndex' is not defined                     no-undef
  181:42  warning  'inputIndex' is not defined                   no-undef
  181:64  warning  'stateIndex' is not defined                   no-undef
  182:7   warning  'currCell' is not defined                     no-undef
  182:18  warning  'currState' is not defined                    no-undef
  182:28  warning  'dtm' is not defined                          no-undef
  182:32  warning  'dtmIndex' is not defined                     no-undef
  182:51  warning  'inputIndex' is not defined                   no-undef
  182:73  warning  'stateIndex' is not defined                   no-undef
  183:10  warning  'stateIndex' is not defined                   no-undef
  183:24  warning  'dtm' is not defined                          no-undef
  183:28  warning  'dtmIndex' is not defined                     no-undef
  183:47  warning  'inputIndex' is not defined                   no-undef
  184:12  warning  'currCell' is not defined                     no-undef
  185:11  warning  'swal' is not defined                         no-undef
  187:11  warning  'swal' is not defined                         no-undef
  232:3   warning  'prev' is not defined                         no-undef
  233:3   warning  'prev' is not defined                         no-undef
  233:43  warning  'e' is defined but never used                 no-unused-vars
  234:8   warning  'stateIndex' is not defined                   no-undef
  235:7   warning  'stateIndex' is not defined                   no-undef
  235:20  warning  'stateIndex' is not defined                   no-undef
  242:3   warning  'controlContainerDisplay' is not defined      no-undef
  243:3   warning  'instructionContainerDisplay' is not defined  no-undef
  244:3   warning  'traceContainerDisplay' is not defined        no-undef
  246:3   warning  'controlsToggle' is not defined               no-undef
  247:3   warning  'controlsToggle' is not defined               no-undef
  247:53  warning  'e' is defined but never used                 no-unused-vars
  249:5   warning  'controlContainer' is not defined             no-undef
  251:8   warning  'controlContainerDisplay' is not defined      no-undef
  252:7   warning  'controlContainer' is not defined             no-undef
  253:7   warning  'controlContainer' is not defined             no-undef
  254:7   warning  'controlContainerDisplay' is not defined      no-undef
  256:7   warning  'controlContainer' is not defined             no-undef
  257:7   warning  'controlContainer' is not defined             no-undef
  258:7   warning  'controlContainerDisplay' is not defined      no-undef
  263:3   warning  'instructionToggle' is not defined            no-undef
  264:3   warning  'instructionToggle' is not defined            no-undef
  264:56  warning  'e' is defined but never used                 no-unused-vars
  266:5   warning  'instructionContainer' is not defined         no-undef
  268:8   warning  'instructionContainerDisplay' is not defined  no-undef
  269:7   warning  'instructionContainer' is not defined         no-undef
  270:7   warning  'instructionContainer' is not defined         no-undef
  271:7   warning  'instructionContainerDisplay' is not defined  no-undef
  273:7   warning  'instructionContainer' is not defined         no-undef
  274:7   warning  'instructionContainer' is not defined         no-undef
  275:7   warning  'instructionContainerDisplay' is not defined  no-undef
  280:3   warning  'traceToggle' is not defined                  no-undef
  281:3   warning  'traceToggle' is not defined                  no-undef
  281:50  warning  'e' is defined but never used                 no-unused-vars
  283:5   warning  'traceContainer' is not defined               no-undef
  285:8   warning  'traceContainerDisplay' is not defined        no-undef
  286:7   warning  'traceContainer' is not defined               no-undef
  287:7   warning  'traceContainer' is not defined               no-undef
  288:7   warning  'traceContainerDisplay' is not defined        no-undef
  290:7   warning  'traceContainer' is not defined               no-undef
  291:7   warning  'traceContainer' is not defined               no-undef
  292:7   warning  'traceContainerDisplay' is not defined        no-undef

✖ 314 problems (0 errors, 314 warnings)

